This is pdfTeX, Version 3.1415926-1.40.10 (TeX Live 2009/Debian) (format=pdflatex 2013.1.15)  30 MAY 2013 14:24
entering extended mode
 %&-line parsing enabled.
**output.tex
(./output.tex
LaTeX2e <2009/09/24>
Babel <v3.8l> and hyphenation patterns for english, usenglishmax, dumylang, noh
yphenation, farsi, arabic, croatian, bulgarian, ukrainian, russian, czech, slov
ak, danish, dutch, finnish, french, basque, ngerman, german, german-x-2009-06-1
9, ngerman-x-2009-06-19, ibycus, monogreek, greek, ancientgreek, hungarian, san
skrit, italian, latin, latvian, lithuanian, mongolian2a, mongolian, bokmal, nyn
orsk, romanian, irish, coptic, serbian, turkish, welsh, esperanto, uppersorbian
, estonian, indonesian, interlingua, icelandic, kurmanji, slovenian, polish, po
rtuguese, spanish, galician, catalan, swedish, ukenglish, pinyin, loaded.
(/usr/share/texmf-texlive/tex/latex/base/report.cls
Document Class: report 2007/10/19 v1.4h Standard LaTeX document class
(/usr/share/texmf-texlive/tex/latex/base/size10.clo
File: size10.clo 2007/10/19 v1.4h Standard LaTeX file (size option)
)
\c@part=\count79
\c@chapter=\count80
\c@section=\count81
\c@subsection=\count82
\c@subsubsection=\count83
\c@paragraph=\count84
\c@subparagraph=\count85
\c@figure=\count86
\c@table=\count87
\abovecaptionskip=\skip41
\belowcaptionskip=\skip42
\bibindent=\dimen102
) (./output.sty
(/usr/share/texmf-texlive/tex/latex/fancyhdr/fancyhdr.sty
\fancy@headwidth=\skip43
\f@ncyO@elh=\skip44
\f@ncyO@erh=\skip45
\f@ncyO@olh=\skip46
\f@ncyO@orh=\skip47
\f@ncyO@elf=\skip48
\f@ncyO@erf=\skip49
\f@ncyO@olf=\skip50
\f@ncyO@orf=\skip51
)
(/usr/share/texmf-texlive/tex/latex/lastpage/lastpage.sty
Package: lastpage 1994/06/25 v0.1b LaTeX2e package for refs to last page number
 (JPG)
)
(/usr/share/texmf-texlive/tex/latex/fancyhdr/extramarks.sty
\@temptokenb=\toks14
)
(/usr/share/texmf-texlive/tex/latex/graphics/graphicx.sty
Package: graphicx 1999/02/16 v1.0f Enhanced LaTeX Graphics (DPC,SPQR)

(/usr/share/texmf-texlive/tex/latex/graphics/keyval.sty
Package: keyval 1999/03/16 v1.13 key=value parser (DPC)
\KV@toks@=\toks15
)
(/usr/share/texmf-texlive/tex/latex/graphics/graphics.sty
Package: graphics 2009/02/05 v1.0o Standard LaTeX Graphics (DPC,SPQR)

(/usr/share/texmf-texlive/tex/latex/graphics/trig.sty
Package: trig 1999/03/16 v1.09 sin cos tan (DPC)
)
(/etc/texmf/tex/latex/config/graphics.cfg
File: graphics.cfg 2009/08/28 v1.8 graphics configuration of TeX Live
)
Package graphics Info: Driver file: pdftex.def on input line 91.

(/usr/share/texmf-texlive/tex/latex/pdftex-def/pdftex.def
File: pdftex.def 2010/03/12 v0.04p Graphics/color for pdfTeX
\Gread@gobject=\count88
))
\Gin@req@height=\dimen103
\Gin@req@width=\dimen104
)
(/usr/share/texmf-texlive/tex/latex/lipsum/lipsum.sty
Package: lipsum 2005/01/26 v1.0 150 paragraphs of Lorem Ipsum dummy text
File: lipsum.dtx 2005/01/26 v1.0 150 paragraphs of Lorem Ipsum dummy text
\c@lips@count=\count89
)
(/usr/share/texmf-texlive/tex/latex/ms/ragged2e.sty
Package: ragged2e 2009/05/21 v2.1 ragged2e Package (MS)

(/usr/share/texmf-texlive/tex/latex/ms/everysel.sty
Package: everysel 1999/06/08 v1.03 EverySelectfont Package (MS)
)
\CenteringLeftskip=\skip52
\RaggedLeftLeftskip=\skip53
\RaggedRightLeftskip=\skip54
\CenteringRightskip=\skip55
\RaggedLeftRightskip=\skip56
\RaggedRightRightskip=\skip57
\CenteringParfillskip=\skip58
\RaggedLeftParfillskip=\skip59
\RaggedRightParfillskip=\skip60
\JustifyingParfillskip=\skip61
\CenteringParindent=\skip62
\RaggedLeftParindent=\skip63
\RaggedRightParindent=\skip64
\JustifyingParindent=\skip65
)
(/usr/share/texmf-texlive/tex/latex/koma-script/scrextend.sty
(/usr/share/texmf-texlive/tex/latex/koma-script/scrkbase.sty
Package: scrkbase 2009/07/24 v3.04a KOMA-Script package (KOMA-Script-dependent 
basics and keyval usage)

(/usr/share/texmf-texlive/tex/latex/koma-script/scrbase.sty
Package: scrbase 2009/07/24 v3.04a KOMA-Script package (KOMA-Script-independent
 basics and keyval usage)

(/usr/share/texmf-texlive/tex/latex/koma-script/scrlfile.sty
Package: scrlfile 2009/03/25 v3.03 KOMA-Script package (loading files)

Package scrlfile, 2009/03/25 v3.03 KOMA-Script package (loading files)
                  Copyright (C) Markus Kohm

)))) (/usr/share/texmf-texlive/tex/latex/hyphenat/hyphenat.sty
Package: hyphenat 2009/09/02 v2.3c hyphenation utilities
\langwohyphens=\language57
LaTeX Info: Redefining \_ on input line 43.
)
(/usr/share/texmf-texlive/tex/latex/geometry/geometry.sty
Package: geometry 2008/12/21 v4.2 Page Geometry

(/usr/share/texmf-texlive/tex/generic/oberdiek/ifpdf.sty
Package: ifpdf 2009/04/10 v2.0 Provides the ifpdf switch (HO)
Package ifpdf Info: pdfTeX in pdf mode detected.
)
(/usr/share/texmf-texlive/tex/generic/oberdiek/ifvtex.sty
Package: ifvtex 2008/11/04 v1.4 Switches for detecting VTeX and its modes (HO)
Package ifvtex Info: VTeX not detected.
)
\Gm@cnth=\count90
\Gm@cntv=\count91
\c@Gm@tempcnt=\count92
\Gm@bindingoffset=\dimen105
\Gm@wd@mp=\dimen106
\Gm@odd@mp=\dimen107
\Gm@even@mp=\dimen108
\Gm@dimlist=\toks16

(/usr/share/texmf-texlive/tex/xelatex/xetexconfig/geometry.cfg))
\c@chapterNumberCounter=\count93
\c@sectionNumberCounter=\count94
\c@subsectionNumberCounter=\count95
\c@homeworkProblemCounter=\count96
)
(/usr/share/texmf-texlive/tex/latex/caption/caption.sty
Package: caption 2009/10/09 v3.1k Customizing captions (AR)

(/usr/share/texmf-texlive/tex/latex/caption/caption3.sty
Package: caption3 2009/10/09 v3.1k caption3 kernel (AR)
\captionmargin=\dimen109
\captionmargin@=\dimen110
\captionwidth=\dimen111
\caption@indent=\dimen112
\caption@parindent=\dimen113
\caption@hangindent=\dimen114
)
\c@ContinuedFloat=\count97
) (./output.aux)
\openout1 = `output.aux'.

LaTeX Font Info:    Checking defaults for OML/cmm/m/it on input line 87.
LaTeX Font Info:    ... okay on input line 87.
LaTeX Font Info:    Checking defaults for T1/cmr/m/n on input line 87.
LaTeX Font Info:    ... okay on input line 87.
LaTeX Font Info:    Checking defaults for OT1/cmr/m/n on input line 87.
LaTeX Font Info:    ... okay on input line 87.
LaTeX Font Info:    Checking defaults for OMS/cmsy/m/n on input line 87.
LaTeX Font Info:    ... okay on input line 87.
LaTeX Font Info:    Checking defaults for OMX/cmex/m/n on input line 87.
LaTeX Font Info:    ... okay on input line 87.
LaTeX Font Info:    Checking defaults for U/cmr/m/n on input line 87.
LaTeX Font Info:    ... okay on input line 87.

(/usr/share/texmf-texlive/tex/context/base/supp-pdf.mkii
[Loading MPS to PDF converter (version 2006.09.02).]
\scratchcounter=\count98
\scratchdimen=\dimen115
\scratchbox=\box26
\nofMPsegments=\count99
\nofMParguments=\count100
\everyMPshowfont=\toks17
\MPscratchCnt=\count101
\MPscratchDim=\dimen116
\MPnumerator=\count102
\everyMPtoPDFconversion=\toks18
)
LaTeX Info: Redefining \selectfont on input line 87.

*geometry auto-detecting driver*
*geometry detected driver: pdftex*
-------------------- Geometry parameters
paper: class default
landscape: --
twocolumn: --
twoside: --
asymmetric: --
h-parts: 90.3375pt, 487.82251pt, 36.135pt
v-parts: 72.26999pt, 632.3625pt, 90.3375pt
hmarginratio: --
vmarginratio: --
lines: --
heightrounded: --
bindingoffset: 0.0pt
truedimen: --
includehead: --
includefoot: --
includemp: --
driver: pdftex
-------------------- Page layout dimensions and switches
\paperwidth  614.295pt
\paperheight 794.96999pt
\textwidth  487.82251pt
\textheight 632.3625pt
\oddsidemargin  18.0675pt
\evensidemargin 18.0675pt
\topmargin  -37.0pt
\headheight 12.0pt
\headsep    25.0pt
\footskip   30.0pt
\marginparwidth 65.0pt
\marginparsep   11.0pt
\columnsep  10.0pt
\skip\footins  9.0pt plus 4.0pt minus 2.0pt
\hoffset 0.0pt
\voffset 0.0pt
\mag 1000

(1in=72.27pt, 1cm=28.45pt)
-----------------------
Package caption Info: Begin \AtBeginDocument code.
Package caption Info: End \AtBeginDocument code.

LaTeX Font Warning: Font shape `OT1/cmr/m/n' in size <18> not available
(Font)              size <17.28> substituted on input line 89.


LaTeX Font Warning: Font shape `OT1/cmr/bx/n' in size <18> not available
(Font)              size <17.28> substituted on input line 89.

<images/vtu.png, id=1, 213.79875pt x 301.125pt>
File: images/vtu.png Graphic file (type png)
 <use images/vtu.png>
<images/pes.png, id=2, 1373.13pt x 1606.0pt>
File: images/pes.png Graphic file (type png)
 <use images/pes.png>
Missing character: There is no Ã in font cmr10!
Missing character: There is no — in font cmr10!
File: images/pes.png Graphic file (type png)

<use images/pes.png> [1

{/var/lib/texmf/fonts/map/pdftex/updmap/pdftex.map} <./images/vtu.png (PNG copy
)> <./images/pes.png (PNG copy)>]
LaTeX Font Info:    External font `cmex10' loaded for size
(Font)              <12> on input line 92.
LaTeX Font Info:    External font `cmex10' loaded for size
(Font)              <8> on input line 92.
LaTeX Font Info:    External font `cmex10' loaded for size
(Font)              <6> on input line 92.

Overfull \hbox (15.0pt too wide) in paragraph at lines 92--92
[][] 
 []


Overfull \hbox (15.0pt too wide) in paragraph at lines 92--92
[][] 
 []

Missing character: There is no Ã in font cmr10!
Missing character: There is no — in font cmr10!
[2]
LaTeX Font Info:    Try loading font information for OT1+pbk on input line 95.
 (/usr/share/texmf-texlive/tex/latex/psnfss/ot1pbk.fd
File: ot1pbk.fd 2001/06/04 font definitions for OT1/pbk.
)
LaTeX Font Info:    Font shape `OT1/pbk/m/n' in size <10> not available
(Font)              Font shape `OT1/pbk/l/n' tried instead on input line 95.
LaTeX Font Info:    Font shape `OT1/pbk/m/n' in size <16> not available
(Font)              Font shape `OT1/pbk/l/n' tried instead on input line 95.
LaTeX Font Info:    Font shape `OT1/pbk/bx/n' in size <16> not available
(Font)              Font shape `OT1/pbk/b/n' tried instead on input line 95.
LaTeX Font Info:    Font shape `OT1/pbk/b/n' in size <16> not available
(Font)              Font shape `OT1/pbk/db/n' tried instead on input line 95.
LaTeX Font Info:    Calculating math sizes for size <16> on input line 95.


LaTeX Font Warning: Font shape `OT1/cmr/m/n' in size <16> not available
(Font)              size <17.28> substituted on input line 95.


LaTeX Font Warning: Font shape `OML/cmm/m/it' in size <16> not available
(Font)              size <17.28> substituted on input line 95.


LaTeX Font Warning: Font shape `OMS/cmsy/m/n' in size <16> not available
(Font)              size <17.28> substituted on input line 95.

LaTeX Font Info:    External font `cmex10' loaded for size
(Font)              <16> on input line 95.
LaTeX Font Info:    External font `cmex10' loaded for size
(Font)              <11.19995> on input line 95.
LaTeX Font Info:    Font shape `OT1/pbk/m/n' in size <12> not available
(Font)              Font shape `OT1/pbk/l/n' tried instead on input line 95.

Underfull \hbox (badness 10000) in paragraph at lines 95--96

 []

LaTeX Font Info:    Font shape `OT1/pbk/bx/n' in size <12> not available
(Font)              Font shape `OT1/pbk/b/n' tried instead on input line 99.
LaTeX Font Info:    Font shape `OT1/pbk/b/n' in size <12> not available
(Font)              Font shape `OT1/pbk/db/n' tried instead on input line 99.

Underfull \hbox (badness 10000) in paragraph at lines 97--112

 []


Underfull \hbox (badness 10000) in paragraph at lines 97--112

 []


Underfull \hbox (badness 10000) in paragraph at lines 97--112

 []


Underfull \hbox (badness 10000) in paragraph at lines 97--112

 []


Underfull \hbox (badness 10000) in paragraph at lines 97--112

 []


Underfull \hbox (badness 10000) in paragraph at lines 97--112

 []


Underfull \hbox (badness 10000) in paragraph at lines 97--112

 []

Missing character: There is no Ã in font pbkl7t!
Missing character: There is no — in font pbkl7t!
[3]
Underfull \hbox (badness 10000) in paragraph at lines 115--116

 []


Overfull \hbox (24.2012pt too wide) in paragraph at lines 117--118
[]\OT1/pbk/l/n/12 Recommending items to users is one of the most fre-quently st
um-bled upon re-quire-ments
 []


Overfull \hbox (18.24495pt too wide) in paragraph at lines 117--118
\OT1/pbk/l/n/12 for rec-om-mend-ing items. The tech-niques can be broadly clas-
si-fied into three cat-e-gories:
 []


Overfull \hbox (1.63751pt too wide) in paragraph at lines 117--118
\OT1/pbk/l/n/12 di-men-sion-al-ity re-duc-tion on the dataset. We have de-duced
 some of the char-ac-ter-is-tic
 []

Missing character: There is no Ã in font pbkl7t!
Missing character: There is no — in font pbkl7t!
[4] (./output.toc
LaTeX Font Info:    External font `cmex10' loaded for size
(Font)              <7> on input line 5.
LaTeX Font Info:    External font `cmex10' loaded for size
(Font)              <5> on input line 5.
 [5

])
\tf@toc=\write3
\openout3 = `output.toc'.

File: images/pes.png Graphic file (type png)
 <use images/pes.png>

Package Fancyhdr Warning: \headheight is too small (12.0pt): 
 Make it at least 35.7268pt.
 We now make it that large for the rest of the document.
 This may cause the page layout to be inconsistent, however.

[6]
Chapter 1.
File: images/pes.png Graphic file (type png)
<use images/pes.png> [7

]
Underfull \hbox (badness 10000) in paragraph at lines 134--139

 []


Underfull \hbox (badness 10000) in paragraph at lines 134--139

 []

LaTeX Font Info:    Try loading font information for OMS+cmr on input line 141.

(/usr/share/texmf-texlive/tex/latex/base/omscmr.fd
File: omscmr.fd 1999/05/25 v2.5h Standard LaTeX font definitions
)
LaTeX Font Info:    Font shape `OMS/cmr/m/n' in size <10> not available
(Font)              Font shape `OMS/cmsy/m/n' tried instead on input line 141.

Overfull \hbox (15.56737pt too wide) in paragraph at lines 147--149
[]\OT1/cmr/m/n/10 Combining Id-io-cen-tric and Col-lab-o-ra-tive Rec-om-men-da-
tion Id-io-cen-tric rec-om-men-da-tion in-volves rec-om-mend-ing
 []

File: images/pes.png Graphic file (type png)
<use images/pes.png> [8]
File: images/pes.png Graphic file (type png)
 <use images/pes.png> [9]
Chapter 2.
File: images/pes.png Graphic file (type png)
<use images/pes.png> [10

]
File: images/pes.png Graphic file (type png)
 <use images/pes.png> [11]
Chapter 3.
File: images/pes.png Graphic file (type png)
<use images/pes.png> [12

]
Overfull \hbox (10.00256pt too wide) in paragraph at lines 169--170
\OT1/cmr/m/n/10 for com-put-ing item-item sim-i-lar-i-ties and var-i-ous tech-n
iques to ob-tain rec-om-men-da-tions from them. Sig-nif-i-cant
 []

File: images/pes.png Graphic file (type png)
<use images/pes.png> [13]
File: images/pes.png Graphic file (type png)
 <use images/pes.png> [14]
Chapter 4.
File: images/pes.png Graphic file (type png)
<use images/pes.png> [15

]
Overfull \hbox (34.19846pt too wide) in paragraph at lines 178--179
[]\OT1/cmr/m/n/12 The pri-mary tar-get users are aca-demic re-searchers and fir
ms that use some form of rec-om-men-da-tion
 []


Overfull \hbox (10.65102pt too wide) in paragraph at lines 182--183
\OT1/cmr/m/n/12 em-pha-sizes code read-abil-ity. It is an ex-pres-sive lan-guag
e which pro-vides lan-guage con-structs
 []

LaTeX Font Info:    Font shape `OMS/cmr/m/n' in size <12> not available
(Font)              Font shape `OMS/cmsy/m/n' tried instead on input line 185.

Overfull \hbox (0.70604pt too wide) in paragraph at lines 185--186
[]\OT1/cmr/m/n/12 networkx - Used for the cre-ation, ma-nip-u-la-tion, and stud
y of the struc-ture, dy-nam-ics,
 []


Overfull \hbox (15.00589pt too wide) in paragraph at lines 186--187
[]\OT1/cmr/m/n/12 pickle - pickle is the stan-dard mech-a-nism for the ob-ject 
se-ri-al-iza-tion and de-serialization.
 []

File: images/pes.png Graphic file (type png)
<use images/pes.png> [16]
Overfull \hbox (0.7877pt too wide) in paragraph at lines 198--199
[]\OT1/cmr/m/n/12 In soft-ware de-vel-op-ment, Git is a dis-tributed re-vi-sion
 con-trol and source code man-age-ment
 []


Overfull \hbox (0.12381pt too wide) in paragraph at lines 201--202
[]\OT1/cmr/m/n/12 Qt is a cross-platform ap-pli-ca-tion frame-work that is wide
ly used for de-vel-op-ing ap-pli-ca-tion
 []

File: images/pes.png Graphic file (type png)
<use images/pes.png> [17]
Overfull \hbox (25.38495pt too wide) in paragraph at lines 217--218
[]\OT1/cmr/m/n/12 The user should know what the ter-mi-nolo-gies id-io-cen-tric
 and col-lab-o-ra-tive rec-om-men-da-tions
 []

File: images/pes.png Graphic file (type png)
<use images/pes.png> [18]
Overfull \hbox (17.74753pt too wide) in paragraph at lines 233--234
[]\OT1/cmr/m/n/12 The re-searcher should un-der-stand the dif-fi-cul-ties in un
-su-per-vised di-men-sion-al-ity re-duc-tion. 
 []

File: images/pes.png Graphic file (type png)
<use images/pes.png> [19]
Chapter 5.
File: images/pes.png Graphic file (type png)
<use images/pes.png> [20

]
File: images/pes.png Graphic file (type png)
 <use images/pes.png> [21]
Chapter 6.
File: images/pes.png Graphic file (type png)
<use images/pes.png> [22

] <images/gantt.png, id=82, 671.50874pt x 335.00156pt>
File: images/gantt.png Graphic file (type png)

<use images/gantt.png>
Overfull \hbox (15.80782pt too wide) in paragraph at lines 284--285
 [][] 
 []

File: images/pes.png Graphic file (type png)
<use images/pes.png> [23 <./images/gantt.png (PNG copy)>]
Chapter 7.
File: images/pes.png Graphic file (type png)
<use images/pes.png> [24

]
<images/component.png, id=89, 1023.825pt x 670.505pt>
File: images/component.png Graphic file (type png)

<use images/component.png>
<images/activity.png, id=90, 919.435pt x 1659.19875pt>
File: images/activity.png Graphic file (type png)

<use images/activity.png>
File: images/pes.png Graphic file (type png)
 <use images/pes.png>

LaTeX Warning: `h' float specifier changed to `ht'.

File: images/pes.png Graphic file (type png)
<use images/pes.png> [25 <./images/component.png (PNG copy)>]
File: images/pes.png Graphic file (type png)

<use images/pes.png> [26 <./images/activity.png (PNG copy)>]
File: images/pes.png Graphic file (type png)

<use images/pes.png> [27]
Chapter 8.
File: images/pes.png Graphic file (type png)
<use images/pes.png> [28

] <images/node.png, id=104, 1053.9375pt x 626.34pt>
File: images/node.png Graphic file (type png)

<use images/node.png>
Underfull \hbox (badness 10000) in paragraph at lines 339--342

 []

File: images/pes.png Graphic file (type png)
<use images/pes.png> [29 <./images/node.png (PNG copy)>]
<images/attribImportance.png, id=108, 269.50688pt x 65.49469pt>
File: images/attribImportance.png Graphic file (type png)

<use images/attribImportance.png>
<images/valueImportance.png, id=109, 235.88126pt x 59.22125pt>
File: images/valueImportance.png Graphic file (type png)

<use images/valueImportance.png>
File: images/pes.png Graphic file (type png)
 <use images/pes.png> [30 <./images/attribImportance.png (PNG copy)>] <images/j
accard.png, id=113, 109.91063pt x 23.33719pt>
File: images/jaccard.png Graphic file (type png)

<use images/jaccard.png>
Underfull \hbox (badness 10000) in paragraph at lines 363--372

 []

<images/intersection.png, id=114, 623.32875pt x 55.20625pt>
File: images/intersection.png Graphic file (type png)

<use images/intersection.png>
Underfull \hbox (badness 10000) in paragraph at lines 373--382

 []

File: images/pes.png Graphic file (type png)
<use images/pes.png> [31 <./images/valueImportance.png (PNG copy)> <./images/ja
ccard.png (PNG copy)>] <images/union.png, id=119, 617.30624pt x 57.21375pt>
File: images/union.png Graphic file (type png)

<use images/union.png>
<images/similarity.png, id=120, 551.05875pt x 51.19125pt>
File: images/similarity.png Graphic file (type png)

<use images/similarity.png>
Underfull \hbox (badness 10000) in paragraph at lines 399--403

 []


Underfull \hbox (badness 10000) in paragraph at lines 399--403

 []

File: images/pes.png Graphic file (type png)
<use images/pes.png> [32 <./images/intersection.png (PNG copy)> <./images/union
.png (PNG copy)> <./images/similarity.png (PNG copy)>]
Overfull \hbox (1.25528pt too wide) in paragraph at lines 408--409
\OT1/cmr/m/n/12 is the con-cept of sim-i-lar-ity. The rec-om-mender sys-tems ge
n-er-ally use two forms of sim-i-lar-i-ties:
 []


Overfull \hbox (3.67053pt too wide) in paragraph at lines 408--409
\OT1/cmr/m/n/12 user-based sim-i-lar-i-ties and item-based sim-i-lar-i-ties. Th
ese tech-niques gen-er-ally use a stan-dard
 []

File: images/pes.png Graphic file (type png)
<use images/pes.png> [33]
Overfull \hbox (3.23999pt too wide) in paragraph at lines 411--414
\OT1/cmr/m/n/12 con-sumed. Hy-brid Rec-om-men-da-tion in-volves com-bin-ing the
 id-io-cen-tric and the col-lab-o-ra-tive
 []


Underfull \hbox (badness 10000) in paragraph at lines 411--414

 []

<images/compositeRank.png, id=127, 363.60844pt x 34.62938pt>
File: images/compositeRank.png Graphic file (type png)

<use images/compositeRank.png>
<images/compositeScore.png, id=128, 362.85562pt x 33.87656pt>
File: images/compositeScore.png Graphic file (type png)

<use images/compositeScore.png>
File: images/pes.png Graphic file (type png)
 <use images/pes.png> [34 <./images/compositeRank.png (PNG copy)>]
File: images/pes.png Graphic file (type png)
 <use images/pes.png> [35 <./images/compositeScore.png (PNG copy)>]
Chapter 9.
File: images/pes.png Graphic file (type png)
<use images/pes.png> [36

]
Overfull \hbox (11.30269pt too wide) in paragraph at lines 457--458
\OT1/cmr/m/n/12 and com-mu-ni-ties. More in-sights about other trade-offs can b
e found at pan-das.python.org. 
 []

File: images/pes.png Graphic file (type png)
<use images/pes.png> [37]
File: images/pes.png Graphic file (type png)
 <use images/pes.png> [38]
File: images/pes.png Graphic file (type png)
 <use images/pes.png>
[39] <images/sysmon.png, id=148, 1371.1225pt x 770.88pt>
File: images/sysmon.png Graphic file (type png)

<use images/sysmon.png>
Underfull \hbox (badness 10000) in paragraph at lines 505--514

 []


Underfull \hbox (badness 10000) in paragraph at lines 515--528

 []


Underfull \hbox (badness 10000) in paragraph at lines 515--528

 []


Underfull \hbox (badness 10000) in paragraph at lines 515--528

 []


Underfull \hbox (badness 10000) in paragraph at lines 515--528

 []

File: images/pes.png Graphic file (type png)
<use images/pes.png> [40]
File: images/pes.png Graphic file (type png)
 <use images/pes.png> [41 <./images/sysmon.png (PNG copy)>]
Chapter 10.
File: images/pes.png Graphic file (type png)
<use images/pes.png> [42

]
Underfull \hbox (badness 10000) in paragraph at lines 534--542

 []


Underfull \hbox (badness 10000) in paragraph at lines 534--542

 []


Underfull \hbox (badness 10000) in paragraph at lines 534--542

 []

<images/categorical.png, id=158, 343.2825pt x 125.71968pt>
File: images/categorical.png Graphic file (type png)

<use images/categorical.png>
<images/noncategorical.png, id=159, 663.47874pt x 516.93124pt>
File: images/noncategorical.png Graphic file (type png)

<use images/noncategorical.png>
<images/userProfile.png, id=160, 509.65407pt x 388.45125pt>
File: images/userProfile.png Graphic file (type png)

<use images/userProfile.png>
File: images/pes.png Graphic file (type png)
 <use images/pes.png> [43 <./images/categorical.png (PNG copy)>] <images/dimred
attrib.png, id=165, 658.46pt x 300.12125pt>
File: images/dimredattrib.png Graphic file (type png)

<use images/dimredattrib.png>
File: images/pes.png Graphic file (type png)
 <use images/pes.png> [44 <./images/noncategorical.png>] <images/dimredvalue.pn
g, id=169, 754.82pt x 403.5075pt>
File: images/dimredvalue.png Graphic file (type png)

<use images/dimredvalue.png>
<images/userSimilarity.png, id=170, 578.16pt x 546.04pt>
File: images/userSimilarity.png Graphic file (type png)

<use images/userSimilarity.png>
File: images/pes.png Graphic file (type png)
 <use images/pes.png> [45 <./images/userProfile.png (PNG copy)>]
File: images/pes.png Graphic file (type png)
 <use images/pes.png> [46 <./images/dimredattrib.png (PNG copy)> <./images/dimr
edvalue.png (PNG copy)>]
<images/idiocentric.png, id=177, 780.9175pt x 541.02126pt>
File: images/idiocentric.png Graphic file (type png)

<use images/idiocentric.png>
File: images/pes.png Graphic file (type png)
 <use images/pes.png> [47 <./images/userSimilarity.png (PNG copy)>] <images/clu
stering.png, id=181, 784.9325pt x 398.48875pt>
File: images/clustering.png Graphic file (type png)

<use images/clustering.png>
Overfull \hbox (4.93256pt too wide) in paragraph at lines 613--620
\OT1/cmr/m/n/12 over-lap-ping clus-ter-ing tech-nique. The method is as fol-low
s. The first step in-volves cal-cu-lat-ing
 []

<images/collaborative.png, id=182, 752.8125pt x 596.2275pt>
File: images/collaborative.png Graphic file (type png)

<use images/collaborative.png>
File: images/pes.png Graphic file (type png)
 <use images/pes.png> [48 <./images/idiocentric.png (PNG copy)>]
File: images/pes.png Graphic file (type png)
 <use images/pes.png> [49 <./images/clustering.png (PNG copy)>]
File: images/pes.png Graphic file (type png)

<use images/pes.png> [50 <./images/collaborative.png (PNG copy)>]
Chapter 11.
File: images/pes.png Graphic file (type png)
<use images/pes.png> [51

]
Underfull \hbox (badness 10000) in paragraph at lines 637--640

 []


Underfull \hbox (badness 10000) in paragraph at lines 642--645

 []

AED: lastpage setting LastPage
File: images/pes.png Graphic file (type png)
 <use images/pes.png> [52] (./output.aux)

LaTeX Font Warning: Size substitutions with differences
(Font)              up to 1.28pt have occurred.


LaTeX Warning: Label(s) may have changed. Rerun to get cross-references right.

 ) 
Here is how much of TeX's memory you used:
 3429 strings out of 493848
 52850 string characters out of 1152823
 220159 words of memory out of 3000000
 6651 multiletter control sequences out of 15000+50000
 15602 words of font info for 48 fonts, out of 3000000 for 9000
 714 hyphenation exceptions out of 8191
 40i,15n,45p,1503b,534s stack positions out of 5000i,500n,10000p,200000b,50000s
{/usr/share/texmf-texlive/fonts/enc/dvips/base/8r.enc}</usr/share/texmf-texli
ve/fonts/type1/public/amsfonts/cm/cmbx10.pfb></usr/share/texmf-texlive/fonts/ty
pe1/public/amsfonts/cm/cmbx12.pfb></usr/share/texmf-texlive/fonts/type1/public/
amsfonts/cm/cmbx9.pfb></usr/share/texmf-texlive/fonts/type1/public/amsfonts/cm/
cmr10.pfb></usr/share/texmf-texlive/fonts/type1/public/amsfonts/cm/cmr12.pfb></
usr/share/texmf-texlive/fonts/type1/public/amsfonts/cm/cmr9.pfb></usr/share/tex
mf-texlive/fonts/type1/public/amsfonts/cm/cmsy10.pfb></usr/share/texmf-texlive/
fonts/type1/urw/bookman/ubkd8a.pfb></usr/share/texmf-texlive/fonts/type1/urw/bo
okman/ubkl8a.pfb>
Output written on output.pdf (52 pages, 3306849 bytes).
PDF statistics:
 231 PDF objects out of 1000 (max. 8388607)
 0 named destinations out of 1000 (max. 500000)
 121 words of extra memory for PDF output out of 10000 (max. 10000000)

